[nor-nor.business.site/index.html]
[backblue.gif]
[fade.gif]
[index.html]
[nor-nor.business.site/website/demo/index.html]
[www.gstatic.com/feedback/api.js]
[apis.google.com/js/api.js]
[nor-nor.business.site/b.3.delayed]
[nor-nor.business.site/https_.4.delayed]
[nor-nor.business.site/Edg/index.html]
[nor-nor.business.site/+/index.html]
[www.gstatic.com/bfe/apps/website/img/f/insoles.png]
[nor-nor.business.site/index.html]
[nor-nor.business.site/website/demo/index.html]
[nor-nor.business.site/b.html]
[nor-nor.business.site/https_.html]
[nor-nor.business.site/Edg/index.html]
[nor-nor.business.site/+/index.html]
[www.gstatic.com/bfe/apps/website/css/LTR_222161133.css]
[www.google-analytics.com/analytics.js]
